04-15-2024 18:56:45.367,-,AT,"Ground (COORD),0013A2004237F3DD,Digi XBee3 Zigbee 3.0 TH,1013,COM10 - 9600/8/N/1/N,0,66"

04-15-2024 18:56:45.367,101,RECV,6F64652E0D0A
04-15-2024 18:56:49.238,102,SENT,3C4843413E
04-15-2024 18:56:49.505,103,RECV,68656C6C6F33
04-15-2024 18:56:49.559,104,RECV,32310D0A44657374696E656420666F72207468652054435320310D0A3C4843413E44657374696E656420666F7220746865204144435320310D0A3C484341
04-15-2024 18:56:49.618,105,RECV,3E53656E7420636F6D6D616E6420746F206E6F64652E0D0A
04-15-2024 18:56:50.557,106,SENT,3C4843413E
04-15-2024 18:56:51.040,107,RECV,68656C6C6F3332310D0A44657374
04-15-2024 18:56:51.091,108,RECV,696E656420666F72207468652054435320310D0A3C4843413E44657374696E656420666F72207468652041444353
04-15-2024 18:56:51.159,109,RECV,20310D0A3C4843413E53656E7420636F6D6D616E6420746F206E6F64652E0D0A
04-15-2024 18:57:03.528,110,SENT,3C4843413E
04-15-2024 18:57:03.966,111,RECV,68656C6C
04-15-2024 18:57:04.038,112,RECV,6F3332310D0A44657374696E656420666F72207468652054435320310D0A3C4843413E44657374696E656420666F7220746865204144435320310D0A3C48
04-15-2024 18:57:04.106,113,RECV,43413E53656E7420636F6D6D616E6420746F206E6F64652E0D0A
04-15-2024 18:57:05.140,114,SENT,3C4843413E
04-15-2024 18:57:05.508,115,RECV,68656C6C6F3332310D0A4465
04-15-2024 18:57:05.570,116,RECV,7374696E656420666F72207468652054435320310D0A3C4843413E44657374696E656420666F7220746865204144435320310D0A3C4843413E53656E74
04-15-2024 18:57:05.622,117,RECV,20636F6D6D616E6420746F206E6F64652E0D0A
04-15-2024 18:57:06.586,118,SENT,3C4843413E
04-15-2024 18:57:07.051,119,RECV,68656C6C6F3332310D0A44657374696E656420666F72207468652054435320310D
04-15-2024 18:57:07.113,120,RECV,0A3C4843413E44657374696E656420666F7220746865204144435320310D0A3C4843413E53656E7420636F6D6D616E6420746F20
04-15-2024 18:57:07.180,121,RECV,6E6F64652E0D0A
04-15-2024 18:57:08.379,122,SENT,3C4843413E
04-15-2024 18:57:08.602,123,RECV,68656C6C6F3332310D0A44657374696E656420666F72207468652054435320310D0A3C4843413E44
04-15-2024 18:57:08.669,124,RECV,657374696E656420666F7220746865204144435320310D0A3C4843413E53656E7420636F6D6D616E6420746F206E6F64652E0D0A
